==2255== Memcheck, a memory error detector
==2255== Copyright (C) 2002-2017, and GNU GPL'd, by Julian Seward et al.
==2255== Using Valgrind-3.15.0 and LibVEX; rerun with -h for copyright info
==2255== Command: bin/bourse -p 9999
==2255== Parent PID: 2245
==2255== 
==2255== 
==2255== FILE DESCRIPTORS: 9 open at exit.
==2255== Open AF_INET socket 6: 127.0.0.1:9999 <-> 127.0.0.1:35312
==2255==    at 0x48734FF: accept (accept.c:26)
==2255==    by 0x10F2E1: Accept (csapp.c:416)
==2255==    by 0x10AF27: main (main.c:98)
==2255== 
==2255== Open AF_INET socket 5: 0.0.0.0:9999 <-> unbound
==2255==    at 0x49A37AB: socket (syscall-template.S:78)
==2255==    by 0x10FBD7: open_listenfd (csapp.c:766)
==2255==    by 0x10FD0C: Open_listenfd (csapp.c:810)
==2255==    by 0x10AE98: main (main.c:87)
==2255== 
==2255== Open file descriptor 12: /dev/shm/bxf_arena_2243 (deleted)
==2255==    <inherited from parent>
==2255== 
==2255== Open file descriptor 11: /dev/shm/bxf_arena_2243 (deleted)
==2255==    <inherited from parent>
==2255== 
==2255== Open file descriptor 4:
==2255==    <inherited from parent>
==2255== 
==2255== Open file descriptor 3: /home/student/ralui/hw5/valgrind.out
==2255==    <inherited from parent>
==2255== 
==2255== Open file descriptor 2: /dev/pts/1
==2255==    <inherited from parent>
==2255== 
==2255== Open file descriptor 1: /dev/pts/1
==2255==    <inherited from parent>
==2255== 
==2255== Open file descriptor 0:
==2255==    <inherited from parent>
==2255== 
==2255== 
==2255== HEAP SUMMARY:
==2255==     in use at exit: 0 bytes in 0 blocks
==2255==   total heap usage: 8 allocs, 8 frees, 736 bytes allocated
==2255== 
==2255== All heap blocks were freed -- no leaks are possible
==2255== 
==2255== For lists of detected and suppressed errors, rerun with: -s
==2255== ERROR SUMMARY: 0 errors from 0 contexts (suppressed: 0 from 0)
